[20:09:38] [ServerMain/INFO]: [bootstrap] Running Java 21 (OpenJDK 64-Bit Server VM 21.0.6+7-LTS; Amazon.com Inc. Corretto-21.0.6.7.1) on Windows 11 10.0 (amd64)
[20:09:38] [ServerMain/INFO]: [bootstrap] Loading Paper 1.21.7-17-main@b4466ec (2025-07-06T18:59:07Z) for Minecraft 1.21.7
[20:09:39] [ServerMain/INFO]: [PluginInitializerManager] Initializing plugins...
[20:09:41] [ServerMain/INFO]: [PluginInitializerManager] Initialized 5 plugins
[20:09:41] [ServerMain/INFO]: [PluginInitializerManager] Paper plugins (1):
 - AlliedKingdoms (0.0.1)
[20:09:41] [ServerMain/INFO]: [PluginInitializerManager] Bukkit plugins (4):
 - Essentials (2.21.2-dev+24-3563b41), EssentialsChat (2.21.2-dev+24-3563b41), LuckPerms (5.5.9), Vault (1.7.3-b131)
[20:09:49] [ServerMain/INFO]: Environment: Environment[sessionHost=https://sessionserver.mojang.com, servicesHost=https://api.minecraftservices.com, name=PROD]
[20:09:52] [ServerMain/INFO]: Loaded 1407 recipes
[20:09:52] [ServerMain/INFO]: Loaded 1520 advancements
[20:09:52] [ServerMain/INFO]: [ca.spottedleaf.dataconverter.minecraft.datatypes.MCTypeRegistry] Initialising converters for DataConverter...
[20:09:52] [ServerMain/INFO]: [ca.spottedleaf.dataconverter.minecraft.datatypes.MCTypeRegistry] Finished initialising converters for DataConverter in 563.3ms
[20:09:52] [Server thread/INFO]: Starting minecraft server version 1.21.7
[20:09:52] [Server thread/INFO]: Loading properties
[20:09:52] [Server thread/INFO]: This server is running Paper version 1.21.7-17-main@b4466ec (2025-07-06T18:59:07Z) (Implementing API version 1.21.7-R0.1-SNAPSHOT)
[20:09:52] [Server thread/INFO]: [spark] This server bundles the spark profiler. For more information please visit https://docs.papermc.io/paper/profiling
[20:09:53] [Server thread/INFO]: Server Ping Player Sample Count: 12
[20:09:53] [Server thread/INFO]: Using 4 threads for Netty based IO
[20:09:53] [Server thread/INFO]: [MoonriseCommon] Paper is using 2 worker threads, 1 I/O threads
[20:09:53] [Server thread/INFO]: [ChunkTaskScheduler] Chunk system is using population gen parallelism: true
[20:09:53] [Server thread/INFO]: Default game type: CREATIVE
[20:09:53] [Server thread/INFO]: Generating keypair
[20:09:53] [Server thread/INFO]: Starting Minecraft server on *:25565
[20:09:53] [Server thread/INFO]: Using default channel type
[20:09:53] [Server thread/INFO]: Paper: Using Java compression from Velocity.
[20:09:53] [Server thread/INFO]: Paper: Using Java cipher from Velocity.
[20:09:54] [Server thread/INFO]: [LuckPerms] Loading server plugin LuckPerms v5.5.9
[20:09:54] [Server thread/INFO]: [LuckPerms] Loading configuration...
[20:09:54] [Server thread/INFO]: [Vault] Loading server plugin Vault v1.7.3-b131
[20:09:54] [Server thread/INFO]: [Essentials] Loading server plugin Essentials v2.21.2-dev+24-3563b41
[20:09:54] [Server thread/INFO]: [AlliedKingdoms] Loading server plugin AlliedKingdoms v0.0.1
[20:09:54] [Server thread/INFO]: [EssentialsChat] Loading server plugin EssentialsChat v2.21.2-dev+24-3563b41
[20:09:54] [Server thread/INFO]: Server permissions file permissions.yml is empty, ignoring it
[20:09:54] [Server thread/INFO]: [LuckPerms] Enabling LuckPerms v5.5.9
[20:09:55] [Server thread/INFO]:         __    
[20:09:55] [Server thread/INFO]:   |    |__)   LuckPerms v5.5.9
[20:09:55] [Server thread/INFO]:   |___ |      Running on Bukkit - Paper
[20:09:55] [Server thread/INFO]: 
[20:09:55] [Server thread/INFO]: [LuckPerms] Loading storage provider... [H2]
[20:09:55] [Server thread/INFO]: [LuckPerms] Loading internal permission managers...
[20:09:55] [Server thread/INFO]: [LuckPerms] Performing initial data load...
[20:09:56] [Server thread/INFO]: [LuckPerms] Successfully enabled. (took 1560ms)
[20:09:56] [Server thread/INFO]: [Vault] Enabling Vault v1.7.3-b131
[20:09:56] [Server thread/INFO]: [Vault] [Economy] Essentials Economy found: Waiting
[20:09:56] [Server thread/INFO]: [Vault] [Permission] SuperPermissions loaded as backup permission system.
[20:09:56] [Server thread/INFO]: [Vault] Enabled Version 1.7.3-b131
[20:09:56] [Server thread/INFO]: [LuckPerms] Registered Vault permission & chat hook.
[20:09:56] [Server thread/INFO]: Preparing level "world"
[20:09:57] [Server thread/INFO]: Preparing start region for dimension minecraft:overworld
[20:09:57] [Server thread/INFO]: Preparing spawn area: 0%
[20:09:58] [Server thread/INFO]: Preparing spawn area: 2%
[20:09:58] [Server thread/INFO]: Preparing spawn area: 2%
[20:09:58] [Server thread/INFO]: Time elapsed: 1399 ms
[20:09:58] [Server thread/INFO]: Preparing start region for dimension minecraft:the_nether
[20:09:58] [Server thread/INFO]: Preparing spawn area: 0%
[20:09:58] [Server thread/INFO]: Time elapsed: 257 ms
[20:09:58] [Server thread/INFO]: Preparing start region for dimension minecraft:the_end
[20:09:58] [Server thread/INFO]: Preparing spawn area: 0%
[20:09:59] [Server thread/INFO]: Time elapsed: 141 ms
[20:09:59] [Server thread/INFO]: [Essentials] Enabling Essentials v2.21.2-dev+24-3563b41
[20:10:00] [Server thread/INFO]: [Essentials] Attempting to convert old kits in config.yml to new kits.yml
[20:10:00] [Server thread/INFO]: [Essentials] No kits found to migrate.
[20:10:00] [Server thread/INFO]: [Essentials] Selected 1.12+ Spawner Block Provider as the provider for SpawnerBlockProvider
[20:10:00] [Server thread/INFO]: [Essentials] Selected Reflection Formatted Command Alias Provider as the provider for FormattedCommandAliasProvider
[20:10:00] [Server thread/INFO]: [Essentials] Selected Paper Known Commands Provider as the provider for KnownCommandsProvider
[20:10:00] [Server thread/INFO]: [Essentials] Selected 1.20.5+ Banner Data Provider as the provider for BannerDataProvider
[20:10:00] [Server thread/INFO]: [Essentials] Selected 1.21.4+ Sync Commands Provider as the provider for SyncCommandsProvider
[20:10:00] [Server thread/INFO]: [Essentials] Selected 1.17.1+ World Info Provider as the provider for WorldInfoProvider
[20:10:00] [Server thread/INFO]: [Essentials] Selected 1.11+ Item Unbreakable Provider as the provider for ItemUnbreakableProvider
[20:10:00] [Server thread/INFO]: [Essentials] Selected 1.13+ Spawn Egg Provider as the provider for SpawnEggProvider
[20:10:00] [Server thread/INFO]: [Essentials] Selected 1.20.4+ Damage Event Provider as the provider for DamageEventProvider
[20:10:00] [Server thread/INFO]: [Essentials] Selected Paper Serialization Provider as the provider for SerializationProvider
[20:10:00] [Server thread/INFO]: [Essentials] Selected Paper Container Provider as the provider for ContainerProvider
[20:10:00] [Server thread/INFO]: [Essentials] Selected 1.14.4+ Persistent Data Container Provider as the provider for PersistentDataProvider
[20:10:00] [Server thread/INFO]: [Essentials] Selected Paper Biome Key Provider as the provider for BiomeKeyProvider
[20:10:00] [Server thread/INFO]: [Essentials] Selected 1.14+ Sign Data Provider as the provider for SignDataProvider
[20:10:00] [Server thread/INFO]: [Essentials] Selected Paper Material Tag Provider as the provider for MaterialTagProvider
[20:10:00] [Server thread/INFO]: [Essentials] Selected 1.8.3+ Spawner Item Provider as the provider for SpawnerItemProvider
[20:10:00] [Server thread/INFO]: [Essentials] Selected 1.21+ InventoryView Interface ABI Provider as the provider for InventoryViewProvider
[20:10:00] [Server thread/INFO]: [Essentials] Selected Paper Tick Count Provider as the provider for TickCountProvider
[20:10:00] [Server thread/INFO]: [Essentials] Selected Reflection Online Mode Provider as the provider for OnlineModeProvider
[20:10:00] [Server thread/INFO]: [Essentials] Selected Paper Server State Provider as the provider for ServerStateProvider
[20:10:00] [Server thread/INFO]: [Essentials] Selected 1.20.6+ Potion Meta Provider as the provider for PotionMetaProvider
[20:10:00] [Server thread/INFO]: [Essentials] Selected 1.12.2+ Player Locale Provider as the provider for PlayerLocaleProvider
[20:10:00] [Server thread/INFO]: [Essentials] Loaded 43880 items from items.json.
[20:10:00] [Server thread/INFO]: [Essentials] Using locale en_US
[20:10:01] [Server thread/INFO]: [Essentials] ServerListPingEvent: Spigot iterator API
[20:10:01] [Server thread/INFO]: [Essentials] Starting Metrics. Opt-out using the global bStats config.
[20:10:01] [Server thread/INFO]: [Vault] [Economy] Essentials Economy hooked.
[20:10:01] [Server thread/INFO]: [Essentials] Using Vault based permissions (LuckPerms)
[20:10:01] [Server thread/INFO]: [AlliedKingdoms] Enabling AlliedKingdoms v0.0.1
[20:10:01] [Server thread/INFO]: [EssentialsChat] Enabling EssentialsChat v2.21.2-dev+24-3563b41
[20:10:01] [Server thread/INFO]: [EssentialsChat] Starting Metrics. Opt-out using the global bStats config.
[20:10:02] [Server thread/INFO]: [spark] Starting background profiler...
[20:10:02] [Server thread/INFO]: [spark] The async-profiler engine is not supported for your os/arch (windows11/amd64), so the built-in Java engine will be used instead.
[20:10:02] [Server thread/INFO]: Done preparing level "world" (5.994s)
[20:10:02] [Server thread/INFO]: Running delayed init tasks
[20:10:02] [Server thread/INFO]: [Essentials] Essentials found a compatible payment resolution method: Vault Compatibility Layer (v1.7.3-b131)!
[20:10:02] [Craft Scheduler Thread - 1 - Essentials/INFO]: [Essentials] Fetching version information...
[20:10:02] [Craft Scheduler Thread - 5 - Vault/INFO]: [Vault] Checking for Updates ... 
[20:10:02] [Server thread/INFO]: Done (25.378s)! For help, type "help"
[20:10:02] [Craft Scheduler Thread - 5 - Vault/INFO]: [Vault] No new version available
[20:10:02] [Craft Scheduler Thread - 1 - Essentials/WARN]: [Essentials] You're 2 EssentialsX dev build(s) out of date!
[20:10:02] [Craft Scheduler Thread - 1 - Essentials/WARN]: [Essentials] Download it here: https://essentialsx.net/downloads.html
[20:12:08] [User Authenticator #0/INFO]: UUID of player MageOfRage is a6e310f2-931c-45d6-a00e-5c4ed4f8d9a0
[20:12:08] [Server thread/INFO]: [HorriblePlayerLoginEventHack] You have plugins listening to the PlayerLoginEvent, this will cause re-configuration APIs to be unavailable: [LuckPerms, Essentials]
[20:12:11] [Server thread/INFO]: MageOfRage joined the game
[20:12:11] [Server thread/INFO]: MageOfRage[/127.0.0.1:59906] logged in with entity id 67 at ([world]39.62281902075214, 65.0, 61.61872119938926)
[20:12:11] [Server thread/WARN]: [Essentials] Permissions lag notice with (LuckPermsHandler). Response took 48.502300ms. Summary: Getting prefix for MageOfRage
[20:12:11] [Server thread/WARN]: [ca.spottedleaf.moonrise.patches.chunk_system.level.entity.EntityLookup] Entity uuid already exists: e1af6fd9-6165-40f9-84bb-ff3805e7aec2, mapped to Bat['Bat'/72, uuid='e1af6fd9-6165-40f9-84bb-ff3805e7aec2', l='ServerLevel[world]', x=16.09, y=14.16, z=79.43, cpos=[1, 4], tl=0, v=true], can't add Bat['Bat'/89, uuid='e1af6fd9-6165-40f9-84bb-ff3805e7aec2', l='ServerLevel[world]', x=14.81, y=14.75, z=79.50, cpos=[0, 4], tl=0, v=false]
[20:12:11] [Server thread/WARN]: [ca.spottedleaf.moonrise.patches.chunk_system.level.entity.EntityLookup] Entity uuid already exists: e1af6fd9-6165-40f9-84bb-ff3805e7aec2, mapped to Bat['Bat'/72, uuid='e1af6fd9-6165-40f9-84bb-ff3805e7aec2', l='ServerLevel[world]', x=16.09, y=14.16, z=79.43, cpos=[1, 4], tl=0, v=true], can't add Bat['Bat'/107, uuid='e1af6fd9-6165-40f9-84bb-ff3805e7aec2', l='ServerLevel[world]', x=11.92, y=15.16, z=82.16, cpos=[0, 5], tl=0, v=false]
[20:12:12] [Server thread/WARN]: [ca.spottedleaf.moonrise.patches.chunk_system.level.entity.EntityLookup] Entity uuid already exists: dded1d90-3b11-4904-a26b-c9babfccd576, mapped to Salmon['Salmon'/131, uuid='dded1d90-3b11-4904-a26b-c9babfccd576', l='ServerLevel[world]', x=95.70, y=61.99, z=102.50, cpos=[5, 6], tl=0, v=true], can't add Salmon['Salmon'/153, uuid='dded1d90-3b11-4904-a26b-c9babfccd576', l='ServerLevel[world]', x=96.00, y=62.05, z=102.64, cpos=[6, 6], tl=0, v=false]
[20:12:13] [Server thread/WARN]: Can't keep up! Is the server overloaded? Running 2529ms or 50 ticks behind
[20:12:18] [Server thread/INFO]: MageOfRage issued server command: /k info
[20:12:23] [Server thread/INFO]: MageOfRage issued server command: /k withdraw 1
[20:12:25] [Server thread/INFO]: MageOfRage issued server command: /k info
[20:12:26] [Server thread/INFO]: MageOfRage issued server command: /balance
[20:12:30] [Server thread/INFO]: MageOfRage issued server command: /k withdraw 5
[20:12:31] [Server thread/INFO]: MageOfRage issued server command: /k info
[20:12:33] [Server thread/INFO]: MageOfRage issued server command: /balance
[20:12:39] [Server thread/INFO]: MageOfRage issued server command: /k withdraw 5
[20:12:44] [Server thread/INFO]: MageOfRage issued server command: /k withdraw 4.99
[20:12:46] [Server thread/INFO]: MageOfRage issued server command: /k info
[20:12:48] [Server thread/INFO]: MageOfRage issued server command: /balance
[20:13:19] [Server thread/INFO]: MageOfRage issued server command: /k tp
[20:13:19] [Server thread/WARN]: MageOfRage moved too quickly! -18.14901665204738,3.0,2.4385368014854123
[20:14:18] [Server thread/INFO]: MageOfRage issued server command: /item ender_pearl
[20:16:00] [Server thread/INFO]: MageOfRage issued server command: /enchant alldamage 9
[20:16:05] [Server thread/INFO]: MageOfRage issued server command: /enchant alldamage 5
[20:16:23] [Server thread/INFO]: MageOfRage issued server command: /enchant knockback 2
[20:16:36] [Server thread/INFO]: MageOfRage issued server command: /time set midnight
[20:17:13] [Server thread/INFO]: MageOfRage issued server command: /item ender_pearl
[20:20:24] [Server thread/INFO]: MageOfRage has made the advancement [Acquire Hardware]
[20:22:18] [Server thread/INFO]: MageOfRage issued server command: /ktp
[20:22:19] [Server thread/INFO]: MageOfRage issued server command: /k tp
[20:22:21] [Server thread/INFO]: MageOfRage lost connection: Disconnected
[20:22:21] [Server thread/INFO]: MageOfRage left the game
